\BOOKMARK [0][-]{chapter.1}{\376\377\000D\000o\000c\000u\000m\000e\000n\000t\000a\000t\000i\000o\000n\000\040\000d\000u\000\040\000l\000o\000g\000i\000c\000i\000e\000l\000\040\000A\000u\000t\000o\000r\000o\000u\000t\000e}{}% 1
\BOOKMARK [1][-]{section.1.1}{\376\377\000I\000n\000t\000r\000o\000d\000u\000c\000t\000i\000o\000n}{chapter.1}% 2
\BOOKMARK [1][-]{section.1.2}{\376\377\000I\000n\000s\000t\000a\000l\000l\000a\000t\000i\000o\000n\000\040\000d\000u\000\040\000l\000o\000g\000i\000c\000i\000e\000l\000\040\000p\000o\000u\000r\000\040\000l\000e\000s\000\040\000u\000t\000i\000l\000i\000s\000a\000t\000e\000u\000r\000s}{chapter.1}% 3
\BOOKMARK [1][-]{section.1.3}{\376\377\000P\000o\000u\000r\000\040\000l\000e\000s\000\040\000d\000\351\000v\000e\000l\000o\000p\000p\000e\000u\000r\000s}{chapter.1}% 4
\BOOKMARK [2][-]{subsection.1.3.1}{\376\377\000E\000t\000a\000p\000e\000\040\0001\000\040\000:\000\040\000P\000r\000i\000s\000e\000\040\000e\000n\000\040\000m\000a\000i\000n\000\040\000d\000e\000s\000\040\000s\000o\000u\000r\000c\000e\000s\000\040\000e\000t\000\040\000e\000x\000e\000c\000u\000t\000i\000o\000n}{section.1.3}% 5
\BOOKMARK [2][-]{subsection.1.3.2}{\376\377\000E\000t\000a\000p\000e\000\040\0002\000\040\000:\000\040\000A\000r\000b\000o\000r\000e\000s\000c\000e\000n\000c\000e\000\040\000d\000u\000\040\000p\000r\000o\000j\000e\000t}{section.1.3}% 6
\BOOKMARK [1][-]{section.1.4}{\376\377\000D\000\351\000f\000i\000n\000i\000t\000i\000o\000n\000s}{chapter.1}% 7
\BOOKMARK [2][-]{subsection.1.4.1}{\376\377\000M\000i\000n\000i\000m\000i\000s\000a\000t\000i\000o\000n\000\040\000d\000'\000u\000n\000\040\000a\000u\000t\000o\000m\000a\000t\000e}{section.1.4}% 8
\BOOKMARK [2][-]{subsection.1.4.2}{\376\377\000S\000t\000a\000n\000d\000a\000r\000d\000i\000s\000a\000t\000i\000o\000n\000\040\000d\000'\000u\000n\000\040\000a\000u\000t\000o\000m\000a\000t\000e}{section.1.4}% 9
\BOOKMARK [2][-]{subsection.1.4.3}{\376\377\000P\000r\000o\000d\000u\000i\000t\000\040\000d\000e\000\040\000d\000e\000u\000x\000\040\000a\000u\000t\000o\000m\000a\000t\000e\000s}{section.1.4}% 10
\BOOKMARK [2][-]{subsection.1.4.4}{\376\377\000D\000\351\000t\000e\000r\000m\000i\000n\000i\000s\000a\000t\000i\000o\000n\000\040\000d\000e\000\040\000d\000e\000u\000x\000\040\000a\000u\000t\000o\000m\000a\000t\000e\000s}{section.1.4}% 11
\BOOKMARK [0][-]{chapter.2}{\376\377\000H\000i\000e\000r\000a\000r\000c\000h\000i\000c\000a\000l\000\040\000I\000n\000d\000e\000x}{}% 12
\BOOKMARK [1][-]{section.2.1}{\376\377\000C\000l\000a\000s\000s\000\040\000H\000i\000e\000r\000a\000r\000c\000h\000y}{chapter.2}% 13
\BOOKMARK [0][-]{chapter.3}{\376\377\000C\000l\000a\000s\000s\000\040\000I\000n\000d\000e\000x}{}% 14
\BOOKMARK [1][-]{section.3.1}{\376\377\000C\000l\000a\000s\000s\000\040\000L\000i\000s\000t}{chapter.3}% 15
\BOOKMARK [0][-]{chapter.4}{\376\377\000F\000i\000l\000e\000\040\000I\000n\000d\000e\000x}{}% 16
\BOOKMARK [1][-]{section.4.1}{\376\377\000F\000i\000l\000e\000\040\000L\000i\000s\000t}{chapter.4}% 17
\BOOKMARK [0][-]{chapter.5}{\376\377\000C\000l\000a\000s\000s\000\040\000D\000o\000c\000u\000m\000e\000n\000t\000a\000t\000i\000o\000n}{}% 18
\BOOKMARK [1][-]{section.5.1}{\376\377\000A\000u\000t\000o\000m\000a\000t\000e\000\040\000C\000l\000a\000s\000s\000\040\000R\000e\000f\000e\000r\000e\000n\000c\000e}{chapter.5}% 19
\BOOKMARK [2][-]{subsection.5.1.1}{\376\377\000C\000o\000n\000s\000t\000r\000u\000c\000t\000o\000r\000\040\000\046\000\040\000D\000e\000s\000t\000r\000u\000c\000t\000o\000r\000\040\000D\000o\000c\000u\000m\000e\000n\000t\000a\000t\000i\000o\000n}{section.5.1}% 20
\BOOKMARK [3][-]{subsubsection.5.1.1.1}{\376\377\000A\000u\000t\000o\000m\000a\000t\000e}{subsection.5.1.1}% 21
\BOOKMARK [3][-]{subsubsection.5.1.1.2}{\376\377\000A\000u\000t\000o\000m\000a\000t\000e}{subsection.5.1.1}% 22
\BOOKMARK [3][-]{subsubsection.5.1.1.3}{\376\377\000A\000u\000t\000o\000m\000a\000t\000e}{subsection.5.1.1}% 23
\BOOKMARK [2][-]{subsection.5.1.2}{\376\377\000M\000e\000m\000b\000e\000r\000\040\000F\000u\000n\000c\000t\000i\000o\000n\000\040\000D\000o\000c\000u\000m\000e\000n\000t\000a\000t\000i\000o\000n}{section.5.1}% 24
\BOOKMARK [3][-]{subsubsection.5.1.2.1}{\376\377\000a\000j\000o\000u\000t\000E\000t\000a\000t}{subsection.5.1.2}% 25
\BOOKMARK [3][-]{subsubsection.5.1.2.2}{\376\377\000a\000j\000o\000u\000t\000T\000r\000a\000n\000s\000i\000t\000i\000o\000n}{subsection.5.1.2}% 26
\BOOKMARK [3][-]{subsubsection.5.1.2.3}{\376\377\000c\000i\000b\000l\000e\000\137\000t\000r\000a\000n\000s\000i\000t\000i\000o\000n}{subsection.5.1.2}% 27
\BOOKMARK [3][-]{subsubsection.5.1.2.4}{\376\377\000d\000e\000t\000e\000r\000m\000i\000n\000i\000s\000e}{subsection.5.1.2}% 28
\BOOKMARK [3][-]{subsubsection.5.1.2.5}{\376\377\000g\000e\000t\000A\000l\000p\000h\000a}{subsection.5.1.2}% 29
\BOOKMARK [3][-]{subsubsection.5.1.2.6}{\376\377\000g\000e\000t\000E\000t\000a\000t}{subsection.5.1.2}% 30
\BOOKMARK [3][-]{subsubsection.5.1.2.7}{\376\377\000g\000e\000t\000E\000t\000a\000t\000s}{subsection.5.1.2}% 31
\BOOKMARK [3][-]{subsubsection.5.1.2.8}{\376\377\000g\000e\000t\000N\000b\000T\000r\000a\000n\000s\000i\000t\000i\000o\000n}{subsection.5.1.2}% 32
\BOOKMARK [3][-]{subsubsection.5.1.2.9}{\376\377\000g\000e\000t\000T\000a\000b\000T\000r\000a\000n\000s\000i\000t\000i\000o\000n\000s}{subsection.5.1.2}% 33
\BOOKMARK [3][-]{subsubsection.5.1.2.10}{\376\377\000i\000s\000D\000e\000t\000e\000r\000m\000i\000n\000i\000s\000t\000e}{subsection.5.1.2}% 34
\BOOKMARK [3][-]{subsubsection.5.1.2.11}{\376\377\000i\000s\000S\000t\000a\000n\000d\000a\000r\000d}{subsection.5.1.2}% 35
\BOOKMARK [3][-]{subsubsection.5.1.2.12}{\376\377\000m\000i\000n\000i\000m\000i\000s\000e}{subsection.5.1.2}% 36
\BOOKMARK [3][-]{subsubsection.5.1.2.13}{\376\377\000p\000r\000o\000d\000u\000i\000t}{subsection.5.1.2}% 37
\BOOKMARK [3][-]{subsubsection.5.1.2.14}{\376\377\000s\000t\000a\000n\000d\000a\000r\000d\000i\000s\000e}{subsection.5.1.2}% 38
\BOOKMARK [3][-]{subsubsection.5.1.2.15}{\376\377\000s\000u\000p\000p\000r\000i\000m\000e\000E\000t\000a\000t}{subsection.5.1.2}% 39
\BOOKMARK [3][-]{subsubsection.5.1.2.16}{\376\377\000s\000u\000p\000p\000r\000i\000m\000e\000E\000t\000a\000t}{subsection.5.1.2}% 40
\BOOKMARK [3][-]{subsubsection.5.1.2.17}{\376\377\000s\000u\000p\000p\000r\000i\000m\000e\000r\000E\000t\000a\000t\000s\000N\000o\000n\000A\000c\000c\000e\000s\000s\000i\000b\000l\000e\000s}{subsection.5.1.2}% 41
\BOOKMARK [3][-]{subsubsection.5.1.2.18}{\376\377\000t\000o\000D\000o\000t}{subsection.5.1.2}% 42
\BOOKMARK [2][-]{subsection.5.1.3}{\376\377\000M\000e\000m\000b\000e\000r\000\040\000D\000a\000t\000a\000\040\000D\000o\000c\000u\000m\000e\000n\000t\000a\000t\000i\000o\000n}{section.5.1}% 43
\BOOKMARK [3][-]{subsubsection.5.1.3.1}{\376\377\000e\000t\000a\000t\000s}{subsection.5.1.3}% 44
\BOOKMARK [1][-]{section.5.2}{\376\377\000c\000h\000o\000i\000x\000P\000o\000i\000n\000t\000e\000\040\000C\000l\000a\000s\000s\000\040\000R\000e\000f\000e\000r\000e\000n\000c\000e}{chapter.5}% 45
\BOOKMARK [2][-]{subsection.5.2.1}{\376\377\000C\000o\000n\000s\000t\000r\000u\000c\000t\000o\000r\000\040\000\046\000\040\000D\000e\000s\000t\000r\000u\000c\000t\000o\000r\000\040\000D\000o\000c\000u\000m\000e\000n\000t\000a\000t\000i\000o\000n}{section.5.2}% 46
\BOOKMARK [3][-]{subsubsection.5.2.1.1}{\376\377\000c\000h\000o\000i\000x\000P\000o\000i\000n\000t\000e}{subsection.5.2.1}% 47
\BOOKMARK [2][-]{subsection.5.2.2}{\376\377\000M\000e\000m\000b\000e\000r\000\040\000F\000u\000n\000c\000t\000i\000o\000n\000\040\000D\000o\000c\000u\000m\000e\000n\000t\000a\000t\000i\000o\000n}{section.5.2}% 48
\BOOKMARK [3][-]{subsubsection.5.2.2.1}{\376\377\000c\000h\000a\000n\000g\000e\000E\000v\000e\000n\000t}{subsection.5.2.2}% 49
\BOOKMARK [3][-]{subsubsection.5.2.2.2}{\376\377\000r\000e\000s\000e\000t\000A\000f\000f\000i\000c\000h\000a\000g\000e}{subsection.5.2.2}% 50
\BOOKMARK [3][-]{subsubsection.5.2.2.3}{\376\377\000s\000e\000n\000d\000D\000a\000d}{subsection.5.2.2}% 51
\BOOKMARK [1][-]{section.5.3}{\376\377\000C\000r\000e\000a\000t\000e\000A\000u\000t\000o\000m\000a\000t\000e\000\040\000C\000l\000a\000s\000s\000\040\000R\000e\000f\000e\000r\000e\000n\000c\000e}{chapter.5}% 52
\BOOKMARK [2][-]{subsection.5.3.1}{\376\377\000C\000o\000n\000s\000t\000r\000u\000c\000t\000o\000r\000\040\000\046\000\040\000D\000e\000s\000t\000r\000u\000c\000t\000o\000r\000\040\000D\000o\000c\000u\000m\000e\000n\000t\000a\000t\000i\000o\000n}{section.5.3}% 53
\BOOKMARK [3][-]{subsubsection.5.3.1.1}{\376\377\000C\000r\000e\000a\000t\000e\000A\000u\000t\000o\000m\000a\000t\000e}{subsection.5.3.1}% 54
\BOOKMARK [2][-]{subsection.5.3.2}{\376\377\000M\000e\000m\000b\000e\000r\000\040\000F\000u\000n\000c\000t\000i\000o\000n\000\040\000D\000o\000c\000u\000m\000e\000n\000t\000a\000t\000i\000o\000n}{section.5.3}% 55
\BOOKMARK [3][-]{subsubsection.5.3.2.1}{\376\377\000a\000j\000o\000u\000t\000E\000t\000a\000t}{subsection.5.3.2}% 56
\BOOKMARK [3][-]{subsubsection.5.3.2.2}{\376\377\000c\000h\000a\000n\000g\000e\000S\000t\000a\000t\000e}{subsection.5.3.2}% 57
\BOOKMARK [3][-]{subsubsection.5.3.2.3}{\376\377\000d\000i\000s\000p\000l\000a\000y\000R\000i\000g\000h\000t}{subsection.5.3.2}% 58
\BOOKMARK [3][-]{subsubsection.5.3.2.4}{\376\377\000s\000u\000p\000p\000r\000i\000m\000e\000E\000t\000a\000t}{subsection.5.3.2}% 59
\BOOKMARK [2][-]{subsection.5.3.3}{\376\377\000M\000e\000m\000b\000e\000r\000\040\000D\000a\000t\000a\000\040\000D\000o\000c\000u\000m\000e\000n\000t\000a\000t\000i\000o\000n}{section.5.3}% 60
\BOOKMARK [3][-]{subsubsection.5.3.3.1}{\376\377\000a}{subsection.5.3.3}% 61
\BOOKMARK [3][-]{subsubsection.5.3.3.2}{\376\377\000l\000e\000f\000t}{subsection.5.3.3}% 62
\BOOKMARK [3][-]{subsubsection.5.3.3.3}{\376\377\000m\000a\000V\000u\000e}{subsection.5.3.3}% 63
\BOOKMARK [3][-]{subsubsection.5.3.3.4}{\376\377\000r\000i\000g\000h\000t}{subsection.5.3.3}% 64
\BOOKMARK [1][-]{section.5.4}{\376\377\000e\000t\000a\000t\000\040\000C\000l\000a\000s\000s\000\040\000R\000e\000f\000e\000r\000e\000n\000c\000e}{chapter.5}% 65
\BOOKMARK [2][-]{subsection.5.4.1}{\376\377\000C\000o\000n\000s\000t\000r\000u\000c\000t\000o\000r\000\040\000\046\000\040\000D\000e\000s\000t\000r\000u\000c\000t\000o\000r\000\040\000D\000o\000c\000u\000m\000e\000n\000t\000a\000t\000i\000o\000n}{section.5.4}% 66
\BOOKMARK [3][-]{subsubsection.5.4.1.1}{\376\377\000e\000t\000a\000t}{subsection.5.4.1}% 67
\BOOKMARK [3][-]{subsubsection.5.4.1.2}{\376\377\000e\000t\000a\000t}{subsection.5.4.1}% 68
\BOOKMARK [3][-]{subsubsection.5.4.1.3}{\376\377\000e\000t\000a\000t}{subsection.5.4.1}% 69
\BOOKMARK [2][-]{subsection.5.4.2}{\376\377\000M\000e\000m\000b\000e\000r\000\040\000F\000u\000n\000c\000t\000i\000o\000n\000\040\000D\000o\000c\000u\000m\000e\000n\000t\000a\000t\000i\000o\000n}{section.5.4}% 70
\BOOKMARK [3][-]{subsubsection.5.4.2.1}{\376\377\000a\000j\000o\000u\000t\000T\000r\000a\000n\000s\000i\000t\000i\000o\000n}{subsection.5.4.2}% 71
\BOOKMARK [3][-]{subsubsection.5.4.2.2}{\376\377\000e\000s\000t\000D\000a\000n\000s\000L\000i\000s\000t}{subsection.5.4.2}% 72
\BOOKMARK [3][-]{subsubsection.5.4.2.3}{\376\377\000f\000i\000n\000d\000\137\000t\000r\000a\000n\000s\000i\000t\000i\000o\000n}{subsection.5.4.2}% 73
\BOOKMARK [3][-]{subsubsection.5.4.2.4}{\376\377\000f\000i\000n\000d\000\137\000t\000r\000a\000n\000s\000i\000t\000i\000o\000n}{subsection.5.4.2}% 74
\BOOKMARK [3][-]{subsubsection.5.4.2.5}{\376\377\000g\000e\000t\000N\000a\000m\000e}{subsection.5.4.2}% 75
\BOOKMARK [3][-]{subsubsection.5.4.2.6}{\376\377\000g\000e\000t\000N\000a\000m\000e\000F}{subsection.5.4.2}% 76
\BOOKMARK [3][-]{subsubsection.5.4.2.7}{\376\377\000g\000e\000t\000N\000u\000m\000b\000e\000r}{subsection.5.4.2}% 77
\BOOKMARK [3][-]{subsubsection.5.4.2.8}{\376\377\000g\000e\000t\000T\000r\000a\000n\000s\000i\000t\000i\000o\000n\000s}{subsection.5.4.2}% 78
\BOOKMARK [3][-]{subsubsection.5.4.2.9}{\376\377\000i\000s\000F\000i\000n\000a\000l}{subsection.5.4.2}% 79
\BOOKMARK [3][-]{subsubsection.5.4.2.10}{\376\377\000i\000s\000I\000n\000i\000t\000i\000a\000l}{subsection.5.4.2}% 80
\BOOKMARK [3][-]{subsubsection.5.4.2.11}{\376\377\000o\000p\000e\000r\000a\000t\000o\000r\000!\000=}{subsection.5.4.2}% 81
\BOOKMARK [3][-]{subsubsection.5.4.2.12}{\376\377\000o\000p\000e\000r\000a\000t\000o\000r\000=\000=}{subsection.5.4.2}% 82
\BOOKMARK [3][-]{subsubsection.5.4.2.13}{\376\377\000r\000e\000n\000a\000m\000e\000T\000r\000a\000n\000s\000i\000t\000i\000o\000n}{subsection.5.4.2}% 83
\BOOKMARK [3][-]{subsubsection.5.4.2.14}{\376\377\000s\000e\000t\000F\000i\000n\000a\000l}{subsection.5.4.2}% 84
\BOOKMARK [3][-]{subsubsection.5.4.2.15}{\376\377\000s\000e\000t\000I\000n\000i\000t\000i\000a\000l}{subsection.5.4.2}% 85
\BOOKMARK [3][-]{subsubsection.5.4.2.16}{\376\377\000s\000e\000t\000N\000a\000m\000e}{subsection.5.4.2}% 86
\BOOKMARK [3][-]{subsubsection.5.4.2.17}{\376\377\000s\000e\000t\000N\000u\000m\000b\000e\000r}{subsection.5.4.2}% 87
\BOOKMARK [3][-]{subsubsection.5.4.2.18}{\376\377\000s\000u\000p\000p\000r\000i\000m\000e\000T\000r\000a\000n\000s\000i\000t\000i\000o\000n}{subsection.5.4.2}% 88
\BOOKMARK [2][-]{subsection.5.4.3}{\376\377\000M\000e\000m\000b\000e\000r\000\040\000D\000a\000t\000a\000\040\000D\000o\000c\000u\000m\000e\000n\000t\000a\000t\000i\000o\000n}{section.5.4}% 89
\BOOKMARK [3][-]{subsubsection.5.4.3.1}{\376\377\000n\000u\000m\000e\000r\000o}{subsection.5.4.3}% 90
\BOOKMARK [1][-]{section.5.5}{\376\377\000e\000t\000a\000t\000L\000e\000f\000t\000\040\000C\000l\000a\000s\000s\000\040\000R\000e\000f\000e\000r\000e\000n\000c\000e}{chapter.5}% 91
\BOOKMARK [2][-]{subsection.5.5.1}{\376\377\000C\000o\000n\000s\000t\000r\000u\000c\000t\000o\000r\000\040\000\046\000\040\000D\000e\000s\000t\000r\000u\000c\000t\000o\000r\000\040\000D\000o\000c\000u\000m\000e\000n\000t\000a\000t\000i\000o\000n}{section.5.5}% 92
\BOOKMARK [3][-]{subsubsection.5.5.1.1}{\376\377\000e\000t\000a\000t\000L\000e\000f\000t}{subsection.5.5.1}% 93
\BOOKMARK [2][-]{subsection.5.5.2}{\376\377\000M\000e\000m\000b\000e\000r\000\040\000D\000a\000t\000a\000\040\000D\000o\000c\000u\000m\000e\000n\000t\000a\000t\000i\000o\000n}{section.5.5}% 94
\BOOKMARK [3][-]{subsubsection.5.5.2.1}{\376\377\000n\000u\000m\000e\000r\000o}{subsection.5.5.2}% 95
\BOOKMARK [1][-]{section.5.6}{\376\377\000e\000t\000a\000t\000R\000i\000g\000h\000t\000\040\000C\000l\000a\000s\000s\000\040\000R\000e\000f\000e\000r\000e\000n\000c\000e}{chapter.5}% 96
\BOOKMARK [2][-]{subsection.5.6.1}{\376\377\000C\000o\000n\000s\000t\000r\000u\000c\000t\000o\000r\000\040\000\046\000\040\000D\000e\000s\000t\000r\000u\000c\000t\000o\000r\000\040\000D\000o\000c\000u\000m\000e\000n\000t\000a\000t\000i\000o\000n}{section.5.6}% 97
\BOOKMARK [3][-]{subsubsection.5.6.1.1}{\376\377\000e\000t\000a\000t\000R\000i\000g\000h\000t}{subsection.5.6.1}% 98
\BOOKMARK [2][-]{subsection.5.6.2}{\376\377\000M\000e\000m\000b\000e\000r\000\040\000F\000u\000n\000c\000t\000i\000o\000n\000\040\000D\000o\000c\000u\000m\000e\000n\000t\000a\000t\000i\000o\000n}{section.5.6}% 99
\BOOKMARK [3][-]{subsubsection.5.6.2.1}{\376\377\000a\000d\000d\000T\000r\000a\000n\000s\000i\000t\000i\000o\000n}{subsection.5.6.2}% 100
\BOOKMARK [3][-]{subsubsection.5.6.2.2}{\376\377\000e\000r\000a\000s\000e\000T\000r\000a\000n\000s\000i\000t\000i\000o\000n}{subsection.5.6.2}% 101
\BOOKMARK [2][-]{subsection.5.6.3}{\376\377\000M\000e\000m\000b\000e\000r\000\040\000D\000a\000t\000a\000\040\000D\000o\000c\000u\000m\000e\000n\000t\000a\000t\000i\000o\000n}{section.5.6}% 102
\BOOKMARK [3][-]{subsubsection.5.6.3.1}{\376\377\000a}{subsection.5.6.3}% 103
\BOOKMARK [3][-]{subsubsection.5.6.3.2}{\376\377\000a\000d\000d\000T\000r\000a\000n\000s}{subsection.5.6.3}% 104
\BOOKMARK [3][-]{subsubsection.5.6.3.3}{\376\377\000n\000u\000m\000e\000r\000o}{subsection.5.6.3}% 105
\BOOKMARK [1][-]{section.5.7}{\376\377\000M\000a\000i\000n\000W\000i\000n\000d\000o\000w\000\040\000C\000l\000a\000s\000s\000\040\000R\000e\000f\000e\000r\000e\000n\000c\000e}{chapter.5}% 106
\BOOKMARK [2][-]{subsection.5.7.1}{\376\377\000C\000o\000n\000s\000t\000r\000u\000c\000t\000o\000r\000\040\000\046\000\040\000D\000e\000s\000t\000r\000u\000c\000t\000o\000r\000\040\000D\000o\000c\000u\000m\000e\000n\000t\000a\000t\000i\000o\000n}{section.5.7}% 107
\BOOKMARK [3][-]{subsubsection.5.7.1.1}{\376\377\000M\000a\000i\000n\000W\000i\000n\000d\000o\000w}{subsection.5.7.1}% 108
\BOOKMARK [3][-]{subsubsection.5.7.1.2}{\376\377\000M\000a\000i\000n\000W\000i\000n\000d\000o\000w}{subsection.5.7.1}% 109
\BOOKMARK [2][-]{subsection.5.7.2}{\376\377\000M\000e\000m\000b\000e\000r\000\040\000F\000u\000n\000c\000t\000i\000o\000n\000\040\000D\000o\000c\000u\000m\000e\000n\000t\000a\000t\000i\000o\000n}{section.5.7}% 110
\BOOKMARK [3][-]{subsubsection.5.7.2.1}{\376\377\000c\000r\000e\000e\000r\000A\000u\000t\000o}{subsection.5.7.2}% 111
\BOOKMARK [3][-]{subsubsection.5.7.2.2}{\376\377\000g\000e\000t\000D\000e\000t\000e\000r\000m\000i\000n}{subsection.5.7.2}% 112
\BOOKMARK [3][-]{subsubsection.5.7.2.3}{\376\377\000g\000e\000t\000M\000i\000n\000i\000m\000i\000s\000a\000t\000i\000o\000n}{subsection.5.7.2}% 113
\BOOKMARK [3][-]{subsubsection.5.7.2.4}{\376\377\000g\000e\000t\000P\000r\000e\000c\000e\000d\000e\000n\000t}{subsection.5.7.2}% 114
\BOOKMARK [3][-]{subsubsection.5.7.2.5}{\376\377\000g\000e\000t\000P\000r\000o\000d\000u\000i\000t}{subsection.5.7.2}% 115
\BOOKMARK [3][-]{subsubsection.5.7.2.6}{\376\377\000g\000e\000t\000S\000t\000a\000n\000d\000a\000r\000d}{subsection.5.7.2}% 116
\BOOKMARK [3][-]{subsubsection.5.7.2.7}{\376\377\000g\000e\000t\000S\000u\000i\000v\000a\000n\000t}{subsection.5.7.2}% 117
\BOOKMARK [3][-]{subsubsection.5.7.2.8}{\376\377\000i\000n\000f\000o}{subsection.5.7.2}% 118
\BOOKMARK [3][-]{subsubsection.5.7.2.9}{\376\377\000o\000p\000e\000n\000F\000i\000l\000e}{subsection.5.7.2}% 119
\BOOKMARK [3][-]{subsubsection.5.7.2.10}{\376\377\000r\000e\000s\000e\000t\000U\000i}{subsection.5.7.2}% 120
\BOOKMARK [1][-]{section.5.8}{\376\377\000T\000r\000a\000n\000s\000i\000t\000i\000o\000n\000\040\000C\000l\000a\000s\000s\000\040\000R\000e\000f\000e\000r\000e\000n\000c\000e}{chapter.5}% 121
\BOOKMARK [2][-]{subsection.5.8.1}{\376\377\000C\000o\000n\000s\000t\000r\000u\000c\000t\000o\000r\000\040\000\046\000\040\000D\000e\000s\000t\000r\000u\000c\000t\000o\000r\000\040\000D\000o\000c\000u\000m\000e\000n\000t\000a\000t\000i\000o\000n}{section.5.8}% 122
\BOOKMARK [3][-]{subsubsection.5.8.1.1}{\376\377\000T\000r\000a\000n\000s\000i\000t\000i\000o\000n}{subsection.5.8.1}% 123
\BOOKMARK [3][-]{subsubsection.5.8.1.2}{\376\377\000T\000r\000a\000n\000s\000i\000t\000i\000o\000n}{subsection.5.8.1}% 124
\BOOKMARK [2][-]{subsection.5.8.2}{\376\377\000M\000e\000m\000b\000e\000r\000\040\000D\000a\000t\000a\000\040\000D\000o\000c\000u\000m\000e\000n\000t\000a\000t\000i\000o\000n}{section.5.8}% 125
\BOOKMARK [3][-]{subsubsection.5.8.2.1}{\376\377\000c\000i\000b\000l\000e}{subsection.5.8.2}% 126
\BOOKMARK [3][-]{subsubsection.5.8.2.2}{\376\377\000v\000o\000c\000a\000b}{subsection.5.8.2}% 127
\BOOKMARK [0][-]{chapter.6}{\376\377\000F\000i\000l\000e\000\040\000D\000o\000c\000u\000m\000e\000n\000t\000a\000t\000i\000o\000n}{}% 128
\BOOKMARK [1][-]{section.6.1}{\376\377\000/\000h\000o\000m\000e\000/\000a\000a\000i\000i\000i\000g\000h\000h\000t\000/\000B\000u\000r\000e\000a\000u\000/\000p\000r\000o\000j\000e\000t\000T\000L\000/\000a\000u\000t\000o\000m\000a\000t\000e\000-\000p\000r\000o\000j\000e\000c\000t\000/\000a\000u\000t\000o\000m\000a\000t\000e\000.\000h\000\040\000F\000i\000l\000e\000\040\000R\000e\000f\000e\000r\000e\000n\000c\000e}{chapter.6}% 129
\BOOKMARK [2][-]{subsection.6.1.1}{\376\377\000D\000e\000t\000a\000i\000l\000e\000d\000\040\000D\000e\000s\000c\000r\000i\000p\000t\000i\000o\000n}{section.6.1}% 130
\BOOKMARK [2][-]{subsection.6.1.2}{\376\377\000F\000u\000n\000c\000t\000i\000o\000n\000\040\000D\000o\000c\000u\000m\000e\000n\000t\000a\000t\000i\000o\000n}{section.6.1}% 131
\BOOKMARK [3][-]{subsubsection.6.1.2.1}{\376\377\000e\000q\000u\000a\000l}{subsection.6.1.2}% 132
\BOOKMARK [3][-]{subsubsection.6.1.2.2}{\376\377\000i\000s\000F\000i\000n\000a\000l}{subsection.6.1.2}% 133
\BOOKMARK [1][-]{section.6.2}{\376\377\000/\000h\000o\000m\000e\000/\000a\000a\000i\000i\000i\000g\000h\000h\000t\000/\000B\000u\000r\000e\000a\000u\000/\000p\000r\000o\000j\000e\000t\000T\000L\000/\000a\000u\000t\000o\000m\000a\000t\000e\000-\000p\000r\000o\000j\000e\000c\000t\000/\000c\000h\000o\000i\000x\000p\000o\000i\000n\000t\000e\000.\000h\000\040\000F\000i\000l\000e\000\040\000R\000e\000f\000e\000r\000e\000n\000c\000e}{chapter.6}% 134
\BOOKMARK [2][-]{subsection.6.2.1}{\376\377\000D\000e\000t\000a\000i\000l\000e\000d\000\040\000D\000e\000s\000c\000r\000i\000p\000t\000i\000o\000n}{section.6.2}% 135
\BOOKMARK [1][-]{section.6.3}{\376\377\000/\000h\000o\000m\000e\000/\000a\000a\000i\000i\000i\000g\000h\000h\000t\000/\000B\000u\000r\000e\000a\000u\000/\000p\000r\000o\000j\000e\000t\000T\000L\000/\000a\000u\000t\000o\000m\000a\000t\000e\000-\000p\000r\000o\000j\000e\000c\000t\000/\000c\000r\000e\000a\000t\000e\000a\000u\000t\000o\000m\000a\000t\000e\000.\000h\000\040\000F\000i\000l\000e\000\040\000R\000e\000f\000e\000r\000e\000n\000c\000e}{chapter.6}% 136
\BOOKMARK [2][-]{subsection.6.3.1}{\376\377\000D\000e\000t\000a\000i\000l\000e\000d\000\040\000D\000e\000s\000c\000r\000i\000p\000t\000i\000o\000n}{section.6.3}% 137
\BOOKMARK [1][-]{section.6.4}{\376\377\000/\000h\000o\000m\000e\000/\000a\000a\000i\000i\000i\000g\000h\000h\000t\000/\000B\000u\000r\000e\000a\000u\000/\000p\000r\000o\000j\000e\000t\000T\000L\000/\000a\000u\000t\000o\000m\000a\000t\000e\000-\000p\000r\000o\000j\000e\000c\000t\000/\000e\000t\000a\000t\000l\000e\000f\000t\000.\000h\000\040\000F\000i\000l\000e\000\040\000R\000e\000f\000e\000r\000e\000n\000c\000e}{chapter.6}% 138
\BOOKMARK [2][-]{subsection.6.4.1}{\376\377\000D\000e\000t\000a\000i\000l\000e\000d\000\040\000D\000e\000s\000c\000r\000i\000p\000t\000i\000o\000n}{section.6.4}% 139
\BOOKMARK [1][-]{section.6.5}{\376\377\000/\000h\000o\000m\000e\000/\000a\000a\000i\000i\000i\000g\000h\000h\000t\000/\000B\000u\000r\000e\000a\000u\000/\000p\000r\000o\000j\000e\000t\000T\000L\000/\000a\000u\000t\000o\000m\000a\000t\000e\000-\000p\000r\000o\000j\000e\000c\000t\000/\000e\000t\000a\000t\000r\000i\000g\000h\000t\000.\000h\000\040\000F\000i\000l\000e\000\040\000R\000e\000f\000e\000r\000e\000n\000c\000e}{chapter.6}% 140
\BOOKMARK [2][-]{subsection.6.5.1}{\376\377\000D\000e\000t\000a\000i\000l\000e\000d\000\040\000D\000e\000s\000c\000r\000i\000p\000t\000i\000o\000n}{section.6.5}% 141
\BOOKMARK [1][-]{section.6.6}{\376\377\000/\000h\000o\000m\000e\000/\000a\000a\000i\000i\000i\000g\000h\000h\000t\000/\000B\000u\000r\000e\000a\000u\000/\000p\000r\000o\000j\000e\000t\000T\000L\000/\000a\000u\000t\000o\000m\000a\000t\000e\000-\000p\000r\000o\000j\000e\000c\000t\000/\000m\000a\000i\000n\000w\000i\000n\000d\000o\000w\000.\000h\000\040\000F\000i\000l\000e\000\040\000R\000e\000f\000e\000r\000e\000n\000c\000e}{chapter.6}% 142
\BOOKMARK [2][-]{subsection.6.6.1}{\376\377\000D\000e\000t\000a\000i\000l\000e\000d\000\040\000D\000e\000s\000c\000r\000i\000p\000t\000i\000o\000n}{section.6.6}% 143
\BOOKMARK [1][-]{section.6.7}{\376\377\000/\000h\000o\000m\000e\000/\000a\000a\000i\000i\000i\000g\000h\000h\000t\000/\000B\000u\000r\000e\000a\000u\000/\000p\000r\000o\000j\000e\000t\000T\000L\000/\000a\000u\000t\000o\000m\000a\000t\000e\000-\000p\000r\000o\000j\000e\000c\000t\000/\000t\000r\000a\000n\000s\000i\000t\000i\000o\000n\000.\000h\000\040\000F\000i\000l\000e\000\040\000R\000e\000f\000e\000r\000e\000n\000c\000e}{chapter.6}% 144
\BOOKMARK [2][-]{subsection.6.7.1}{\376\377\000D\000e\000t\000a\000i\000l\000e\000d\000\040\000D\000e\000s\000c\000r\000i\000p\000t\000i\000o\000n}{section.6.7}% 145
\BOOKMARK [0][-]{section*.41}{\376\377\000I\000n\000d\000e\000x}{}% 146
